<?xml version="1.0" encoding="UTF-8"?>
<testsuite xmlns:xsi="http://www.w3.org/2001/XMLSchema-instance" xsi:noNamespaceSchemaLocation="https://maven.apache.org/surefire/maven-surefire-plugin/xsd/surefire-test-report-3.0.xsd" version="3.0" name="unlp.info.bd2.ToursQuerysTests" time="2.961" tests="22" errors="5" skipped="0" failures="12">
  <properties>
[...]
</properties>
  <testcase name="getPurchaseWithServiceTest" classname="unlp.info.bd2.ToursQuerysTests" time="0.008">
    <error message="No value present" type="java.util.NoSuchElementException"><![CDATA[java.util.NoSuchElementException: No value present
	at java.base/java.util.Optional.get(Optional.java:143)
	at unlp.info.bd2.ToursQuerysTests.getPurchaseWithServiceTest(ToursQuerysTests.java:162)
	at java.base/java.lang.reflect.Method.invoke(Method.java:565)
	at java.base/java.util.ArrayList.forEach(ArrayList.java:1604)
	at java.base/java.util.ArrayList.forEach(ArrayList.java:1604)
]]></error>
    <system-out><![CDATA[12:03:09.614 [main] INFO org.springframework.data.repository.config.RepositoryConfigurationDelegate -- Bootstrapping Spring Data JPA repositories in DEFAULT mode.
12:03:09.637 [main] INFO org.springframework.data.repository.config.RepositoryConfigurationDelegate -- Finished Spring Data repository scanning in 22 ms. Found 10 JPA repository interfaces.
12:03:09.664 [main] INFO org.hibernate.jpa.internal.util.LogHelper -- HHH000204: Processing PersistenceUnitInfo [name: default]
12:03:09.667 [main] INFO org.hibernate.cache.internal.RegionFactoryInitiator -- HHH000026: Second-level cache disabled
12:03:09.674 [main] INFO org.springframework.orm.jpa.persistenceunit.SpringPersistenceUnitInfo -- No LoadTimeWeaver setup: ignoring JPA class transformer
12:03:09.681 [main] WARN org.hibernate.orm.deprecation -- HHH90000025: MySQLDialect does not need to be specified explicitly using 'hibernate.dialect' (remove the property setting and it will be selected by default)
12:03:09.712 [main] INFO org.hibernate.id.enhanced.TableGenerator -- HHH000398: Explicit segment value for id generator [hibernate_sequences.sequence_name] suggested; using default [default]
12:03:09.816 [main] INFO org.hibernate.engine.transaction.jta.platform.internal.JtaPlatformInitiator -- HHH000489: No JTA platform available (set 'hibernate.transaction.jta.platform' to enable JTA platform integration)
Hibernate: 
    alter table driver_route 
       drop 
       foreign key FKg8jyfsopd400qnv7bpddxwhop
Hibernate: 
    alter table driver_route 
       drop 
       foreign key FK8l7i971uyrmcw0k6m5lrl96an
Hibernate: 
    alter table item_service 
       drop 
       foreign key FK9a7uryuut9eisb7v77kefhb77
Hibernate: 
    alter table item_service 
       drop 
       foreign key FKakm8rd8t4n8nfnp2udw13hndy
Hibernate: 
    alter table purchases 
       drop 
       foreign key FKb8a9x319ptkwr9xnu3imfwxkt
Hibernate: 
    alter table reviews 
       drop 
       foreign key FKtlbpgfgpje3g0do3xdmry3y9j
Hibernate: 
    alter table route_stop 
       drop 
       foreign key FKdhlwk9t89bsdrleqsk6a1edns
Hibernate: 
    alter table route_stop 
       drop 
       foreign key FK3cst5douuk36g3nxx7uad442
Hibernate: 
    alter table services 
       drop 
       foreign key FK16cnuanf4fntklkbbckymn8ky
Hibernate: 
    alter table tour_guide_route 
       drop 
       foreign key FKrb41fjxw2o8gcg7hpp9e2fbrx
Hibernate: 
    alter table tour_guide_route 
       drop 
       foreign key FK7y1fd5kp21h4s2chtrgdk4ywb
Hibernate: 
    drop table if exists driver_route
Hibernate: 
    drop table if exists DriverUser
Hibernate: 
    drop table if exists hibernate_sequences
Hibernate: 
    drop table if exists item_service
Hibernate: 
    drop table if exists purchases
Hibernate: 
    drop table if exists reviews
Hibernate: 
    drop table if exists route_stop
Hibernate: 
    drop table if exists routes
Hibernate: 
    drop table if exists services
Hibernate: 
    drop table if exists Stop
Hibernate: 
    drop table if exists suppliers
Hibernate: 
    drop table if exists suppliers_SEQ
Hibernate: 
    drop table if exists tour_guide_route
Hibernate: 
    drop table if exists TourGuideUser
Hibernate: 
    drop table if exists users
Hibernate: 
    create table driver_route (
        driverUser_id bigint not null,
        route_id bigint not null
    ) engine=InnoDB
Hibernate: 
    create table DriverUser (
        active bit not null,
        birthdate datetime(6),
        id bigint not null,
        email varchar(255) not null,
        expedient varchar(255),
        name varchar(255) not null,
        password varchar(255) not null,
        phoneNumber varchar(255),
        username varchar(255) not null,
        primary key (id)
    ) engine=InnoDB
Hibernate: 
    create table hibernate_sequences (
        next_val bigint,
        sequence_name varchar(255) not null,
        primary key (sequence_name)
    ) engine=InnoDB
Hibernate: 
    insert into hibernate_sequences(sequence_name, next_val) values ('default',0)
Hibernate: 
    create table item_service (
        quantity integer not null,
        id bigint not null auto_increment,
        purchase_id bigint not null,
        service_id bigint not null,
        primary key (id)
    ) engine=InnoDB
Hibernate: 
    create table purchases (
        totalPrice float(23) not null,
        date datetime(6) not null,
        id bigint not null auto_increment,
        route_id bigint not null,
        user_id bigint not null,
        code varchar(255) not null,
        primary key (id)
    ) engine=InnoDB
Hibernate: 
    create table reviews (
        rating integer not null,
        id bigint not null auto_increment,
        purchase_id bigint,
        comment varchar(255),
        primary key (id)
    ) engine=InnoDB
Hibernate: 
    create table route_stop (
        route_id bigint not null,
        stop_id bigint not null
    ) engine=InnoDB
Hibernate: 
    create table routes (
        maxNumberUsers integer not null,
        price float(23) not null,
        totalKm float(23) not null,
        id bigint not null auto_increment,
        name varchar(255) not null,
        primary key (id)
    ) engine=InnoDB
Hibernate: 
    create table services (
        price float(23) not null,
        id bigint not null auto_increment,
        supplier_id bigint not null,
        description varchar(255),
        name varchar(255) not null,
        primary key (id)
    ) engine=InnoDB
Hibernate: 
    create table Stop (
        id bigint not null auto_increment,
        description varchar(255),
        name varchar(255) not null,
        primary key (id)
    ) engine=InnoDB
Hibernate: 
    create table suppliers (
        id bigint not null,
        authorizationNumber varchar(255) not null,
        businessName varchar(255) not null,
        primary key (id)
    ) engine=InnoDB
Hibernate: 
    create table suppliers_SEQ (
        next_val bigint
    ) engine=InnoDB
Hibernate: 
    insert into suppliers_SEQ values ( 1 )
Hibernate: 
    create table tour_guide_route (
        route_id bigint not null,
        tourGuideUser_id bigint not null
    ) engine=InnoDB
Hibernate: 
    create table TourGuideUser (
        active bit not null,
        birthdate datetime(6),
        id bigint not null,
        education varchar(255),
        email varchar(255) not null,
        name varchar(255) not null,
        password varchar(255) not null,
        phoneNumber varchar(255),
        username varchar(255) not null,
        primary key (id)
    ) engine=InnoDB
Hibernate: 
    create table users (
        active bit not null,
        birthdate datetime(6),
        id bigint not null,
        email varchar(255) not null,
        name varchar(255) not null,
        password varchar(255) not null,
        phoneNumber varchar(255),
        username varchar(255) not null,
        primary key (id)
    ) engine=InnoDB
Hibernate: 
    alter table DriverUser 
       add constraint UK_1pt6kirpv9ark7eblnmetdghh unique (email)
Hibernate: 
    alter table DriverUser 
       add constraint UK_kolrq8nj3uot4al9pp5lgaomg unique (username)
Hibernate: 
    alter table purchases 
       add constraint UK_idp67y8emgudwcvj94r8chpf4 unique (code)
Hibernate: 
    alter table reviews 
       add constraint UK_jfd0ugmaq72ipi087g9f158hs unique (purchase_id)
Hibernate: 
    alter table routes 
       add constraint UK_gclhuhdkauatimjoqj7kc210i unique (name)
Hibernate: 
    alter table Stop 
       add constraint UK_4j1nncn613dd59990nsndk035 unique (name)
Hibernate: 
    alter table suppliers 
       add constraint UK_b699v3k8236wnaxjc86510b8q unique (authorizationNumber)
Hibernate: 
    alter table suppliers 
       add constraint UK_dh3kd2uartlxrmg8u4ugrks7w unique (businessName)
Hibernate: 
    alter table TourGuideUser 
       add constraint UK_ewctmh4994b2fjsxnwrcqq5et unique (email)
Hibernate: 
    alter table TourGuideUser 
       add constraint UK_bwjn16v0tyr4jkfsxl3wgpkx4 unique (username)
Hibernate: 
    alter table users 
       add constraint UK_6dotkott2kjsp8vw4d0m25fb7 unique (email)
Hibernate: 
    alter table users 
       add constraint UK_r43af9ap4edm43mmtq01oddj6 unique (username)
Hibernate: 
    alter table driver_route 
       add constraint FKg8jyfsopd400qnv7bpddxwhop 
       foreign key (driverUser_id) 
       references DriverUser (id)
Hibernate: 
    alter table driver_route 
       add constraint FK8l7i971uyrmcw0k6m5lrl96an 
       foreign key (route_id) 
       references routes (id)
Hibernate: 
    alter table item_service 
       add constraint FK9a7uryuut9eisb7v77kefhb77 
       foreign key (purchase_id) 
       references purchases (id)
Hibernate: 
    alter table item_service 
       add constraint FKakm8rd8t4n8nfnp2udw13hndy 
       foreign key (service_id) 
       references services (id)
Hibernate: 
    alter table purchases 
       add constraint FKb8a9x319ptkwr9xnu3imfwxkt 
       foreign key (route_id) 
       references routes (id)
Hibernate: 
    alter table reviews 
       add constraint FKtlbpgfgpje3g0do3xdmry3y9j 
       foreign key (purchase_id) 
       references purchases (id)
Hibernate: 
    alter table route_stop 
       add constraint FKdhlwk9t89bsdrleqsk6a1edns 
       foreign key (stop_id) 
       references Stop (id)
Hibernate: 
    alter table route_stop 
       add constraint FK3cst5douuk36g3nxx7uad442 
       foreign key (route_id) 
       references routes (id)
Hibernate: 
    alter table services 
       add constraint FK16cnuanf4fntklkbbckymn8ky 
       foreign key (supplier_id) 
       references suppliers (id)
Hibernate: 
    alter table tour_guide_route 
       add constraint FKrb41fjxw2o8gcg7hpp9e2fbrx 
       foreign key (tourGuideUser_id) 
       references TourGuideUser (id)
Hibernate: 
    alter table tour_guide_route 
       add constraint FK7y1fd5kp21h4s2chtrgdk4ywb 
       foreign key (route_id) 
       references routes (id)
12:03:12.105 [main] INFO org.springframework.orm.jpa.LocalContainerEntityManagerFactoryBean -- Initialized JPA EntityManagerFactory for persistence unit 'default'
Hibernate: 
    insert 
    into
        Stop
        (description, name) 
    values
        (?, ?)
Hibernate: 
    insert 
    into
        Stop
        (description, name) 
    values
        (?, ?)
Hibernate: 
    insert 
    into
        Stop
        (description, name) 
    values
        (?, ?)
Hibernate: 
    insert 
    into
        Stop
        (description, name) 
    values
        (?, ?)
Hibernate: 
    insert 
    into
        Stop
        (description, name) 
    values
        (?, ?)
Hibernate: 
    insert 
    into
        Stop
        (description, name) 
    values
        (?, ?)
Hibernate: 
    insert 
    into
        Stop
        (description, name) 
    values
        (?, ?)
Hibernate: 
    insert 
    into
        Stop
        (description, name) 
    values
        (?, ?)
Hibernate: 
    insert 
    into
        Stop
        (description, name) 
    values
        (?, ?)
Hibernate: 
    insert 
    into
        Stop
        (description, name) 
    values
        (?, ?)
Hibernate: 
    insert 
    into
        Stop
        (description, name) 
    values
        (?, ?)
Hibernate: 
    insert 
    into
        Stop
        (description, name) 
    values
        (?, ?)
Hibernate: 
    insert 
    into
        Stop
        (description, name) 
    values
        (?, ?)
Hibernate: 
    insert 
    into
        Stop
        (description, name) 
    values
        (?, ?)
Hibernate: 
    insert 
    into
        Stop
        (description, name) 
    values
        (?, ?)
Hibernate: 
    insert 
    into
        Stop
        (description, name) 
    values
        (?, ?)
Hibernate: 
    insert 
    into
        Stop
        (description, name) 
    values
        (?, ?)
Hibernate: 
    insert 
    into
        Stop
        (description, name) 
    values
        (?, ?)
Hibernate: 
    insert 
    into
        Stop
        (description, name) 
    values
        (?, ?)
Hibernate: 
    insert 
    into
        Stop
        (description, name) 
    values
        (?, ?)
Hibernate: 
    select
        tbl.next_val 
    from
        hibernate_sequences tbl 
    where
        tbl.sequence_name=? for update
Hibernate: 
    update
        hibernate_sequences 
    set
        next_val=?  
    where
        next_val=? 
        and sequence_name=?
Hibernate: 
    select
        tbl.next_val 
    from
        hibernate_sequences tbl 
    where
        tbl.sequence_name=? for update
Hibernate: 
    update
        hibernate_sequences 
    set
        next_val=?  
    where
        next_val=? 
        and sequence_name=?
Hibernate: 
    insert 
    into
        users
        (active, birthdate, email, name, password, phoneNumber, username, id) 
    values
        (?, ?, ?, ?, ?, ?, ?, ?)
Hibernate: 
    insert 
    into
        users
        (active, birthdate, email, name, password, phoneNumber, username, id) 
    values
        (?, ?, ?, ?, ?, ?, ?, ?)
Hibernate: 
    insert 
    into
        users
        (active, birthdate, email, name, password, phoneNumber, username, id) 
    values
        (?, ?, ?, ?, ?, ?, ?, ?)
Hibernate: 
    insert 
    into
        users
        (active, birthdate, email, name, password, phoneNumber, username, id) 
    values
        (?, ?, ?, ?, ?, ?, ?, ?)
Hibernate: 
    insert 
    into
        users
        (active, birthdate, email, name, password, phoneNumber, username, id) 
    values
        (?, ?, ?, ?, ?, ?, ?, ?)
Hibernate: 
    insert 
    into
        users
        (active, birthdate, email, name, password, phoneNumber, username, id) 
    values
        (?, ?, ?, ?, ?, ?, ?, ?)
Hibernate: 
    insert 
    into
        users
        (active, birthdate, email, name, password, phoneNumber, username, id) 
    values
        (?, ?, ?, ?, ?, ?, ?, ?)
Hibernate: 
    insert 
    into
        users
        (active, birthdate, email, name, password, phoneNumber, username, id) 
    values
        (?, ?, ?, ?, ?, ?, ?, ?)
Hibernate: 
    insert 
    into
        users
        (active, birthdate, email, name, password, phoneNumber, username, id) 
    values
        (?, ?, ?, ?, ?, ?, ?, ?)
Hibernate: 
    insert 
    into
        users
        (active, birthdate, email, name, password, phoneNumber, username, id) 
    values
        (?, ?, ?, ?, ?, ?, ?, ?)
Hibernate: 
    insert 
    into
        DriverUser
        (active, birthdate, email, name, password, phoneNumber, username, expedient, id) 
    values
        (?, ?, ?, ?, ?, ?, ?, ?, ?)
Hibernate: 
    insert 
    into
        DriverUser
        (active, birthdate, email, name, password, phoneNumber, username, expedient, id) 
    values
        (?, ?, ?, ?, ?, ?, ?, ?, ?)
Hibernate: 
    insert 
    into
        DriverUser
        (active, birthdate, email, name, password, phoneNumber, username, expedient, id) 
    values
        (?, ?, ?, ?, ?, ?, ?, ?, ?)
Hibernate: 
    insert 
    into
        DriverUser
        (active, birthdate, email, name, password, phoneNumber, username, expedient, id) 
    values
        (?, ?, ?, ?, ?, ?, ?, ?, ?)
Hibernate: 
    insert 
    into
        TourGuideUser
        (active, birthdate, email, name, password, phoneNumber, username, education, id) 
    values
        (?, ?, ?, ?, ?, ?, ?, ?, ?)
Hibernate: 
    insert 
    into
        TourGuideUser
        (active, birthdate, email, name, password, phoneNumber, username, education, id) 
    values
        (?, ?, ?, ?, ?, ?, ?, ?, ?)
Hibernate: 
    insert 
    into
        TourGuideUser
        (active, birthdate, email, name, password, phoneNumber, username, education, id) 
    values
        (?, ?, ?, ?, ?, ?, ?, ?, ?)
Hibernate: 
    insert 
    into
        TourGuideUser
        (active, birthdate, email, name, password, phoneNumber, username, education, id) 
    values
        (?, ?, ?, ?, ?, ?, ?, ?, ?)
Hibernate: 
    insert 
    into
        routes
        (maxNumberUsers, name, price, totalKm) 
    values
        (?, ?, ?, ?)
Hibernate: 
    insert 
    into
        routes
        (maxNumberUsers, name, price, totalKm) 
    values
        (?, ?, ?, ?)
Hibernate: 
    insert 
    into
        routes
        (maxNumberUsers, name, price, totalKm) 
    values
        (?, ?, ?, ?)
Hibernate: 
    insert 
    into
        routes
        (maxNumberUsers, name, price, totalKm) 
    values
        (?, ?, ?, ?)
Hibernate: 
    insert 
    into
        routes
        (maxNumberUsers, name, price, totalKm) 
    values
        (?, ?, ?, ?)
Hibernate: 
    insert 
    into
        purchases
        (code, date, route_id, totalPrice, user_id) 
    values
        (?, ?, ?, ?, ?)
Hibernate: 
    insert 
    into
        purchases
        (code, date, route_id, totalPrice, user_id) 
    values
        (?, ?, ?, ?, ?)
Hibernate: 
    insert 
    into
        purchases
        (code, date, route_id, totalPrice, user_id) 
    values
        (?, ?, ?, ?, ?)
Hibernate: 
    insert 
    into
        purchases
        (code, date, route_id, totalPrice, user_id) 
    values
        (?, ?, ?, ?, ?)
Hibernate: 
    insert 
    into
        purchases
        (code, date, route_id, totalPrice, user_id) 
    values
        (?, ?, ?, ?, ?)
Hibernate: 
    insert 
    into
        purchases
        (code, date, route_id, totalPrice, user_id) 
    values
        (?, ?, ?, ?, ?)
Hibernate: 
    insert 
    into
        purchases
        (code, date, route_id, totalPrice, user_id) 
    values
        (?, ?, ?, ?, ?)
Hibernate: 
    insert 
    into
        purchases
        (code, date, route_id, totalPrice, user_id) 
    values
        (?, ?, ?, ?, ?)
Hibernate: 
    insert 
    into
        purchases
        (code, date, route_id, totalPrice, user_id) 
    values
        (?, ?, ?, ?, ?)
Hibernate: 
    insert 
    into
        purchases
        (code, date, route_id, totalPrice, user_id) 
    values
        (?, ?, ?, ?, ?)
Hibernate: 
    insert 
    into
        purchases
        (code, date, route_id, totalPrice, user_id) 
    values
        (?, ?, ?, ?, ?)
Hibernate: 
    insert 
    into
        purchases
        (code, date, route_id, totalPrice, user_id) 
    values
        (?, ?, ?, ?, ?)
Hibernate: 
    insert 
    into
        purchases
        (code, date, route_id, totalPrice, user_id) 
    values
        (?, ?, ?, ?, ?)
Hibernate: 
    insert 
    into
        purchases
        (code, date, route_id, totalPrice, user_id) 
    values
        (?, ?, ?, ?, ?)
Hibernate: 
    insert 
    into
        purchases
        (code, date, route_id, totalPrice, user_id) 
    values
        (?, ?, ?, ?, ?)
Hibernate: 
    insert 
    into
        purchases
        (code, date, route_id, totalPrice, user_id) 
    values
        (?, ?, ?, ?, ?)
Hibernate: 
    insert 
    into
        purchases
        (code, date, route_id, totalPrice, user_id) 
    values
        (?, ?, ?, ?, ?)
Hibernate: 
    insert 
    into
        purchases
        (code, date, route_id, totalPrice, user_id) 
    values
        (?, ?, ?, ?, ?)
Hibernate: 
    insert 
    into
        purchases
        (code, date, route_id, totalPrice, user_id) 
    values
        (?, ?, ?, ?, ?)
Hibernate: 
    insert 
    into
        purchases
        (code, date, route_id, totalPrice, user_id) 
    values
        (?, ?, ?, ?, ?)
Hibernate: 
    insert 
    into
        driver_route
        (route_id, driverUser_id) 
    values
        (?, ?)
Hibernate: 
    insert 
    into
        driver_route
        (route_id, driverUser_id) 
    values
        (?, ?)
Hibernate: 
    insert 
    into
        route_stop
        (route_id, stop_id) 
    values
        (?, ?)
Hibernate: 
    insert 
    into
        route_stop
        (route_id, stop_id) 
    values
        (?, ?)
Hibernate: 
    insert 
    into
        route_stop
        (route_id, stop_id) 
    values
        (?, ?)
Hibernate: 
    insert 
    into
        route_stop
        (route_id, stop_id) 
    values
        (?, ?)
Hibernate: 
    insert 
    into
        route_stop
        (route_id, stop_id) 
    values
        (?, ?)
Hibernate: 
    insert 
    into
        route_stop
        (route_id, stop_id) 
    values
        (?, ?)
Hibernate: 
    insert 
    into
        route_stop
        (route_id, stop_id) 
    values
        (?, ?)
Hibernate: 
    insert 
    into
        route_stop
        (route_id, stop_id) 
    values
        (?, ?)
Hibernate: 
    insert 
    into
        route_stop
        (route_id, stop_id) 
    values
        (?, ?)
Hibernate: 
    insert 
    into
        tour_guide_route
        (route_id, tourGuideUser_id) 
    values
        (?, ?)
Hibernate: 
    insert 
    into
        driver_route
        (route_id, driverUser_id) 
    values
        (?, ?)
Hibernate: 
    insert 
    into
        driver_route
        (route_id, driverUser_id) 
    values
        (?, ?)
Hibernate: 
    insert 
    into
        driver_route
        (route_id, driverUser_id) 
    values
        (?, ?)
Hibernate: 
    insert 
    into
        route_stop
        (route_id, stop_id) 
    values
        (?, ?)
Hibernate: 
    insert 
    into
        route_stop
        (route_id, stop_id) 
    values
        (?, ?)
Hibernate: 
    insert 
    into
        route_stop
        (route_id, stop_id) 
    values
        (?, ?)
Hibernate: 
    insert 
    into
        route_stop
        (route_id, stop_id) 
    values
        (?, ?)
Hibernate: 
    insert 
    into
        route_stop
        (route_id, stop_id) 
    values
        (?, ?)
Hibernate: 
    insert 
    into
        route_stop
        (route_id, stop_id) 
    values
        (?, ?)
Hibernate: 
    insert 
    into
        tour_guide_route
        (route_id, tourGuideUser_id) 
    values
        (?, ?)
Hibernate: 
    insert 
    into
        tour_guide_route
        (route_id, tourGuideUser_id) 
    values
        (?, ?)
Hibernate: 
    insert 
    into
        driver_route
        (route_id, driverUser_id) 
    values
        (?, ?)
Hibernate: 
    insert 
    into
        route_stop
        (route_id, stop_id) 
    values
        (?, ?)
Hibernate: 
    insert 
    into
        route_stop
        (route_id, stop_id) 
    values
        (?, ?)
Hibernate: 
    insert 
    into
        route_stop
        (route_id, stop_id) 
    values
        (?, ?)
Hibernate: 
    insert 
    into
        route_stop
        (route_id, stop_id) 
    values
        (?, ?)
Hibernate: 
    insert 
    into
        route_stop
        (route_id, stop_id) 
    values
        (?, ?)
Hibernate: 
    insert 
    into
        route_stop
        (route_id, stop_id) 
    values
        (?, ?)
Hibernate: 
    insert 
    into
        tour_guide_route
        (route_id, tourGuideUser_id) 
    values
        (?, ?)
Hibernate: 
    insert 
    into
        driver_route
        (route_id, driverUser_id) 
    values
        (?, ?)
Hibernate: 
    insert 
    into
        route_stop
        (route_id, stop_id) 
    values
        (?, ?)
Hibernate: 
    insert 
    into
        route_stop
        (route_id, stop_id) 
    values
        (?, ?)
Hibernate: 
    insert 
    into
        route_stop
        (route_id, stop_id) 
    values
        (?, ?)
Hibernate: 
    insert 
    into
        tour_guide_route
        (route_id, tourGuideUser_id) 
    values
        (?, ?)
Hibernate: 
    insert 
    into
        tour_guide_route
        (route_id, tourGuideUser_id) 
    values
        (?, ?)
Hibernate: 
    insert 
    into
        route_stop
        (route_id, stop_id) 
    values
        (?, ?)
Hibernate: 
    insert 
    into
        route_stop
        (route_id, stop_id) 
    values
        (?, ?)
]]></system-out>
  </testcase>
  <testcase name="getRoutesWithMinRatingTest" classname="unlp.info.bd2.ToursQuerysTests" time="0.015">
    <failure message="expected: &lt;2&gt; but was: &lt;0&gt;" type="org.opentest4j.AssertionFailedError"><![CDATA[org.opentest4j.AssertionFailedError: expected: <2> but was: <0>
	at org.junit.jupiter.api.AssertionFailureBuilder.build(AssertionFailureBuilder.java:151)
	at org.junit.jupiter.api.AssertionFailureBuilder.buildAndThrow(AssertionFailureBuilder.java:132)
	at org.junit.jupiter.api.AssertEquals.failNotEqual(AssertEquals.java:197)
	at org.junit.jupiter.api.AssertEquals.assertEquals(AssertEquals.java:150)
	at org.junit.jupiter.api.AssertEquals.assertEquals(AssertEquals.java:145)
	at org.junit.jupiter.api.Assertions.assertEquals(Assertions.java:531)
	at unlp.info.bd2.ToursQuerysTests.getRoutesWithMinRatingTest(ToursQuerysTests.java:198)
	at java.base/java.lang.reflect.Method.invoke(Method.java:565)
	at java.base/java.util.ArrayList.forEach(ArrayList.java:1604)
	at java.base/java.util.ArrayList.forEach(ArrayList.java:1604)
]]></failure>
    <system-out><![CDATA[Hibernate: 
    select
        r1_0.id,
        r1_0.maxNumberUsers,
        r1_0.name,
        r1_0.price,
        r1_0.totalKm 
    from
        routes r1_0 
    left join
        purchases p1_0 
            on r1_0.id=p1_0.route_id 
    join
        reviews r3_0 
            on p1_0.id=r3_0.purchase_id 
    where
        r3_0.rating=1 
    group by
        r1_0.id
]]></system-out>
  </testcase>
  <testcase name="getRoutsNotSellTest" classname="unlp.info.bd2.ToursQuerysTests" time="0.005">
    <failure message="expected: &lt;1&gt; but was: &lt;0&gt;" type="org.opentest4j.AssertionFailedError"><![CDATA[org.opentest4j.AssertionFailedError: expected: <1> but was: <0>
	at org.junit.jupiter.api.AssertionFailureBuilder.build(AssertionFailureBuilder.java:151)
	at org.junit.jupiter.api.AssertionFailureBuilder.buildAndThrow(AssertionFailureBuilder.java:132)
	at org.junit.jupiter.api.AssertEquals.failNotEqual(AssertEquals.java:197)
	at org.junit.jupiter.api.AssertEquals.assertEquals(AssertEquals.java:150)
	at org.junit.jupiter.api.AssertEquals.assertEquals(AssertEquals.java:145)
	at org.junit.jupiter.api.Assertions.assertEquals(Assertions.java:531)
	at unlp.info.bd2.ToursQuerysTests.getRoutsNotSellTest(ToursQuerysTests.java:184)
	at java.base/java.lang.reflect.Method.invoke(Method.java:565)
	at java.base/java.util.ArrayList.forEach(ArrayList.java:1604)
	at java.base/java.util.ArrayList.forEach(ArrayList.java:1604)
]]></failure>
  </testcase>
  <testcase name="getTop3RoutesWithMoreStopsTest" classname="unlp.info.bd2.ToursQuerysTests" time="0.024">
    <system-out><![CDATA[Hibernate: 
    select
        r1_0.id,
        r1_0.maxNumberUsers,
        r1_0.name,
        r1_0.price,
        r1_0.totalKm 
    from
        routes r1_0 
    group by
        r1_0.id 
    order by
        (select
            count(1) 
        from
            route_stop s1_0 
        where
            r1_0.id=s1_0.route_id) desc 
    limit
        ?, ?
]]></system-out>
  </testcase>
  <testcase name="getAllPurchasesOfUsernameTest" classname="unlp.info.bd2.ToursQuerysTests" time="0.003">
    <failure message="expected: &lt;6&gt; but was: &lt;0&gt;" type="org.opentest4j.AssertionFailedError"><![CDATA[org.opentest4j.AssertionFailedError: expected: <6> but was: <0>
	at org.junit.jupiter.api.AssertionFailureBuilder.build(AssertionFailureBuilder.java:151)
	at org.junit.jupiter.api.AssertionFailureBuilder.buildAndThrow(AssertionFailureBuilder.java:132)
	at org.junit.jupiter.api.AssertEquals.failNotEqual(AssertEquals.java:197)
	at org.junit.jupiter.api.AssertEquals.assertEquals(AssertEquals.java:150)
	at org.junit.jupiter.api.AssertEquals.assertEquals(AssertEquals.java:145)
	at org.junit.jupiter.api.Assertions.assertEquals(Assertions.java:531)
	at unlp.info.bd2.ToursQuerysTests.getAllPurchasesOfUsernameTest(ToursQuerysTests.java:58)
	at java.base/java.lang.reflect.Method.invoke(Method.java:565)
	at java.base/java.util.ArrayList.forEach(ArrayList.java:1604)
	at java.base/java.util.ArrayList.forEach(ArrayList.java:1604)
]]></failure>
  </testcase>
  <testcase name="getRoutesWithStopTest" classname="unlp.info.bd2.ToursQuerysTests" time="0.023">
    <system-out><![CDATA[Hibernate: 
    select
        s1_0.id,
        s1_0.description,
        s1_0.name 
    from
        Stop s1_0 
    where
        s1_0.name like ? escape '\\'
Hibernate: 
    select
        s1_0.id,
        s1_0.description,
        s1_0.name 
    from
        Stop s1_0 
    where
        s1_0.name like ? escape '\\'
Hibernate: 
    select
        s1_0.id,
        s1_0.description,
        s1_0.name 
    from
        Stop s1_0 
    where
        s1_0.name like ? escape '\\'
Hibernate: 
    select
        r1_0.id,
        r1_0.maxNumberUsers,
        r1_0.name,
        r1_0.price,
        r1_0.totalKm 
    from
        routes r1_0 
    where
        ? in (select
            s1_0.stop_id 
        from
            route_stop s1_0 
        where
            r1_0.id=s1_0.route_id)
Hibernate: 
    select
        r1_0.id,
        r1_0.maxNumberUsers,
        r1_0.name,
        r1_0.price,
        r1_0.totalKm 
    from
        routes r1_0 
    where
        ? in (select
            s1_0.stop_id 
        from
            route_stop s1_0 
        where
            r1_0.id=s1_0.route_id)
Hibernate: 
    select
        r1_0.id,
        r1_0.maxNumberUsers,
        r1_0.name,
        r1_0.price,
        r1_0.totalKm 
    from
        routes r1_0 
    where
        ? in (select
            s1_0.stop_id 
        from
            route_stop s1_0 
        where
            r1_0.id=s1_0.route_id)
]]></system-out>
  </testcase>
  <testcase name="getServiceNoAddedToPurchasesTest" classname="unlp.info.bd2.ToursQuerysTests" time="0.004">
    <failure message="expected: &lt;3&gt; but was: &lt;0&gt;" type="org.opentest4j.AssertionFailedError"><![CDATA[org.opentest4j.AssertionFailedError: expected: <3> but was: <0>
	at org.junit.jupiter.api.AssertionFailureBuilder.build(AssertionFailureBuilder.java:151)
	at org.junit.jupiter.api.AssertionFailureBuilder.buildAndThrow(AssertionFailureBuilder.java:132)
	at org.junit.jupiter.api.AssertEquals.failNotEqual(AssertEquals.java:197)
	at org.junit.jupiter.api.AssertEquals.assertEquals(AssertEquals.java:150)
	at org.junit.jupiter.api.AssertEquals.assertEquals(AssertEquals.java:145)
	at org.junit.jupiter.api.Assertions.assertEquals(Assertions.java:531)
	at unlp.info.bd2.ToursQuerysTests.getServiceNoAddedToPurchasesTest(ToursQuerysTests.java:220)
	at java.base/java.lang.reflect.Method.invoke(Method.java:565)
	at java.base/java.util.ArrayList.forEach(ArrayList.java:1604)
	at java.base/java.util.ArrayList.forEach(ArrayList.java:1604)
]]></failure>
  </testcase>
  <testcase name="getMaxStopOfRoutesTest" classname="unlp.info.bd2.ToursQuerysTests" time="0.008">
    <system-out><![CDATA[Hibernate: 
    select
        max((select
            count(1) 
        from
            route_stop s1_0 
        where
            r1_0.id=s1_0.route_id)) 
    from
        routes r1_0
]]></system-out>
  </testcase>
  <testcase name="getTop10MoreExpensivePurchasesInServicesTest" classname="unlp.info.bd2.ToursQuerysTests" time="0.003">
    <failure message="expected: &lt;10&gt; but was: &lt;0&gt;" type="org.opentest4j.AssertionFailedError"><![CDATA[org.opentest4j.AssertionFailedError: expected: <10> but was: <0>
	at org.junit.jupiter.api.AssertionFailureBuilder.build(AssertionFailureBuilder.java:151)
	at org.junit.jupiter.api.AssertionFailureBuilder.buildAndThrow(AssertionFailureBuilder.java:132)
	at org.junit.jupiter.api.AssertEquals.failNotEqual(AssertEquals.java:197)
	at org.junit.jupiter.api.AssertEquals.assertEquals(AssertEquals.java:150)
	at org.junit.jupiter.api.AssertEquals.assertEquals(AssertEquals.java:145)
	at org.junit.jupiter.api.Assertions.assertEquals(Assertions.java:531)
	at unlp.info.bd2.ToursQuerysTests.getTop10MoreExpensivePurchasesInServicesTest(ToursQuerysTests.java:115)
	at java.base/java.lang.reflect.Method.invoke(Method.java:565)
	at java.base/java.util.ArrayList.forEach(ArrayList.java:1604)
	at java.base/java.util.ArrayList.forEach(ArrayList.java:1604)
]]></failure>
  </testcase>
  <testcase name="getTopNSuppliersInPurchasesTest" classname="unlp.info.bd2.ToursQuerysTests" time="0.003">
    <failure message="expected: &lt;3&gt; but was: &lt;0&gt;" type="org.opentest4j.AssertionFailedError"><![CDATA[org.opentest4j.AssertionFailedError: expected: <3> but was: <0>
	at org.junit.jupiter.api.AssertionFailureBuilder.build(AssertionFailureBuilder.java:151)
	at org.junit.jupiter.api.AssertionFailureBuilder.buildAndThrow(AssertionFailureBuilder.java:132)
	at org.junit.jupiter.api.AssertEquals.failNotEqual(AssertEquals.java:197)
	at org.junit.jupiter.api.AssertEquals.assertEquals(AssertEquals.java:150)
	at org.junit.jupiter.api.AssertEquals.assertEquals(AssertEquals.java:145)
	at org.junit.jupiter.api.Assertions.assertEquals(Assertions.java:531)
	at unlp.info.bd2.ToursQuerysTests.getTopNSuppliersInPurchasesTest(ToursQuerysTests.java:95)
	at java.base/java.lang.reflect.Method.invoke(Method.java:565)
	at java.base/java.util.ArrayList.forEach(ArrayList.java:1604)
	at java.base/java.util.ArrayList.forEach(ArrayList.java:1604)
]]></failure>
  </testcase>
  <testcase name="getTopNSuppliersItemsSoldTest" classname="unlp.info.bd2.ToursQuerysTests" time="0.002">
    <failure message="expected: &lt;3&gt; but was: &lt;0&gt;" type="org.opentest4j.AssertionFailedError"><![CDATA[org.opentest4j.AssertionFailedError: expected: <3> but was: <0>
	at org.junit.jupiter.api.AssertionFailureBuilder.build(AssertionFailureBuilder.java:151)
	at org.junit.jupiter.api.AssertionFailureBuilder.buildAndThrow(AssertionFailureBuilder.java:132)
	at org.junit.jupiter.api.AssertEquals.failNotEqual(AssertEquals.java:197)
	at org.junit.jupiter.api.AssertEquals.assertEquals(AssertEquals.java:150)
	at org.junit.jupiter.api.AssertEquals.assertEquals(AssertEquals.java:145)
	at org.junit.jupiter.api.Assertions.assertEquals(Assertions.java:531)
	at unlp.info.bd2.ToursQuerysTests.getTopNSuppliersItemsSoldTest(ToursQuerysTests.java:105)
	at java.base/java.lang.reflect.Method.invoke(Method.java:565)
	at java.base/java.util.ArrayList.forEach(ArrayList.java:1604)
	at java.base/java.util.ArrayList.forEach(ArrayList.java:1604)
]]></failure>
  </testcase>
  <testcase name="getTop5UsersMorePurchasesTest" classname="unlp.info.bd2.ToursQuerysTests" time="0.002">
    <failure message="expected: &lt;5&gt; but was: &lt;0&gt;" type="org.opentest4j.AssertionFailedError"><![CDATA[org.opentest4j.AssertionFailedError: expected: <5> but was: <0>
	at org.junit.jupiter.api.AssertionFailureBuilder.build(AssertionFailureBuilder.java:151)
	at org.junit.jupiter.api.AssertionFailureBuilder.buildAndThrow(AssertionFailureBuilder.java:132)
	at org.junit.jupiter.api.AssertEquals.failNotEqual(AssertEquals.java:197)
	at org.junit.jupiter.api.AssertEquals.assertEquals(AssertEquals.java:150)
	at org.junit.jupiter.api.AssertEquals.assertEquals(AssertEquals.java:145)
	at org.junit.jupiter.api.Assertions.assertEquals(Assertions.java:531)
	at unlp.info.bd2.ToursQuerysTests.getTop5UsersMorePurchasesTest(ToursQuerysTests.java:122)
	at java.base/java.lang.reflect.Method.invoke(Method.java:565)
	at java.base/java.util.ArrayList.forEach(ArrayList.java:1604)
	at java.base/java.util.ArrayList.forEach(ArrayList.java:1604)
]]></failure>
  </testcase>
  <testcase name="getMostBestSellingRouteTest" classname="unlp.info.bd2.ToursQuerysTests" time="0.002">
    <error message="Cannot invoke &quot;unlp.info.bd2.model.Route.getName()&quot; because &quot;mostBestSellingRoute&quot; is null" type="java.lang.NullPointerException"><![CDATA[java.lang.NullPointerException: Cannot invoke "unlp.info.bd2.model.Route.getName()" because "mostBestSellingRoute" is null
	at unlp.info.bd2.ToursQuerysTests.getMostBestSellingRouteTest(ToursQuerysTests.java:212)
	at java.base/java.lang.reflect.Method.invoke(Method.java:565)
	at java.base/java.util.ArrayList.forEach(ArrayList.java:1604)
	at java.base/java.util.ArrayList.forEach(ArrayList.java:1604)
]]></error>
  </testcase>
  <testcase name="getUsersWithNumberOfPurchasesTest" classname="unlp.info.bd2.ToursQuerysTests" time="0.002">
    <failure message="expected: &lt;1&gt; but was: &lt;0&gt;" type="org.opentest4j.AssertionFailedError"><![CDATA[org.opentest4j.AssertionFailedError: expected: <1> but was: <0>
	at org.junit.jupiter.api.AssertionFailureBuilder.build(AssertionFailureBuilder.java:151)
	at org.junit.jupiter.api.AssertionFailureBuilder.buildAndThrow(AssertionFailureBuilder.java:132)
	at org.junit.jupiter.api.AssertEquals.failNotEqual(AssertEquals.java:197)
	at org.junit.jupiter.api.AssertEquals.assertEquals(AssertEquals.java:150)
	at org.junit.jupiter.api.AssertEquals.assertEquals(AssertEquals.java:145)
	at org.junit.jupiter.api.Assertions.assertEquals(Assertions.java:531)
	at unlp.info.bd2.ToursQuerysTests.getUsersWithNumberOfPurchasesTest(ToursQuerysTests.java:82)
	at java.base/java.lang.reflect.Method.invoke(Method.java:565)
	at java.base/java.util.ArrayList.forEach(ArrayList.java:1604)
	at java.base/java.util.ArrayList.forEach(ArrayList.java:1604)
]]></failure>
  </testcase>
  <testcase name="init" classname="unlp.info.bd2.ToursQuerysTests" time="0.002"/>
  <testcase name="getUserSpendingMoreThanTest" classname="unlp.info.bd2.ToursQuerysTests" time="0.002">
    <failure message="expected: &lt;6&gt; but was: &lt;0&gt;" type="org.opentest4j.AssertionFailedError"><![CDATA[org.opentest4j.AssertionFailedError: expected: <6> but was: <0>
	at org.junit.jupiter.api.AssertionFailureBuilder.build(AssertionFailureBuilder.java:151)
	at org.junit.jupiter.api.AssertionFailureBuilder.buildAndThrow(AssertionFailureBuilder.java:132)
	at org.junit.jupiter.api.AssertEquals.failNotEqual(AssertEquals.java:197)
	at org.junit.jupiter.api.AssertEquals.assertEquals(AssertEquals.java:150)
	at org.junit.jupiter.api.AssertEquals.assertEquals(AssertEquals.java:145)
	at org.junit.jupiter.api.Assertions.assertEquals(Assertions.java:531)
	at unlp.info.bd2.ToursQuerysTests.getUserSpendingMoreThanTest(ToursQuerysTests.java:70)
	at java.base/java.lang.reflect.Method.invoke(Method.java:565)
	at java.base/java.util.ArrayList.forEach(ArrayList.java:1604)
	at java.base/java.util.ArrayList.forEach(ArrayList.java:1604)
]]></failure>
  </testcase>
  <testcase name="getDriverUserWithMoreRoutesTest" classname="unlp.info.bd2.ToursQuerysTests" time="0.005">
    <error message="class java.lang.Integer cannot be cast to class unlp.info.bd2.model.DriverUser (java.lang.Integer is in module java.base of loader &apos;bootstrap&apos;; unlp.info.bd2.model.DriverUser is in unnamed module of loader &apos;app&apos;)" type="java.lang.ClassCastException"><![CDATA[java.lang.ClassCastException: class java.lang.Integer cannot be cast to class unlp.info.bd2.model.DriverUser (java.lang.Integer is in module java.base of loader 'bootstrap'; unlp.info.bd2.model.DriverUser is in unnamed module of loader 'app')
	at jdk.proxy2/jdk.proxy2.$Proxy90.findDriverUserByMaxRoutes(Unknown Source)
	at unlp.info.bd2.services.Impl.ToursServiceImpl.getDriverUserWithMoreRoutes(ToursServiceImpl.java:293)
	at java.base/jdk.internal.reflect.DirectMethodHandleAccessor.invoke(DirectMethodHandleAccessor.java:104)
	at java.base/java.lang.reflect.Method.invoke(Method.java:565)
	at org.springframework.aop.support.AopUtils.invokeJoinpointUsingReflection(AopUtils.java:351)
	at org.springframework.aop.framework.ReflectiveMethodInvocation.invokeJoinpoint(ReflectiveMethodInvocation.java:196)
	at org.springframework.aop.framework.ReflectiveMethodInvocation.proceed(ReflectiveMethodInvocation.java:163)
	at org.springframework.transaction.interceptor.TransactionInterceptor$1.proceedWithInvocation(TransactionInterceptor.java:123)
	at org.springframework.transaction.interceptor.TransactionAspectSupport.invokeWithinTransaction(TransactionAspectSupport.java:391)
	at org.springframework.transaction.interceptor.TransactionInterceptor.invoke(TransactionInterceptor.java:119)
	at org.springframework.aop.framework.ReflectiveMethodInvocation.proceed(ReflectiveMethodInvocation.java:184)
	at org.springframework.aop.framework.JdkDynamicAopProxy.invoke(JdkDynamicAopProxy.java:220)
	at jdk.proxy2/jdk.proxy2.$Proxy102.getDriverUserWithMoreRoutes(Unknown Source)
	at unlp.info.bd2.ToursQuerysTests.getDriverUserWithMoreRoutesTest(ToursQuerysTests.java:233)
	at java.base/java.lang.reflect.Method.invoke(Method.java:565)
	at java.base/java.util.ArrayList.forEach(ArrayList.java:1604)
	at java.base/java.util.ArrayList.forEach(ArrayList.java:1604)
]]></error>
    <system-out><![CDATA[Hibernate: 
    select
        max((select
            count(1) 
        from
            driver_route r1_0 
        where
            du1_0.id=r1_0.driverUser_id)) 
    from
        DriverUser du1_0
]]></system-out>
  </testcase>
  <testcase name="getMostDemandedServiceTest" classname="unlp.info.bd2.ToursQuerysTests" time="0.003">
    <error message="Cannot invoke &quot;unlp.info.bd2.model.Service.getName()&quot; because &quot;mostDemandedService&quot; is null" type="java.lang.NullPointerException"><![CDATA[java.lang.NullPointerException: Cannot invoke "unlp.info.bd2.model.Service.getName()" because "mostDemandedService" is null
	at unlp.info.bd2.ToursQuerysTests.getMostDemandedServiceTest(ToursQuerysTests.java:205)
	at java.base/java.lang.reflect.Method.invoke(Method.java:565)
	at java.base/java.util.ArrayList.forEach(ArrayList.java:1604)
	at java.base/java.util.ArrayList.forEach(ArrayList.java:1604)
]]></error>
  </testcase>
  <testcase name="getTourGuidesWithRating1Test" classname="unlp.info.bd2.ToursQuerysTests" time="0.008">
    <error message="org.hibernate.query.SemanticException: Entity join did not specify a join condition [SqmEntityJoin(unlp.info.bd2.model.Route(r))] (specify a join condition with &apos;on&apos; or use &apos;cross join&apos;)" type="org.springframework.dao.InvalidDataAccessApiUsageException"><![CDATA[org.springframework.dao.InvalidDataAccessApiUsageException: org.hibernate.query.SemanticException: Entity join did not specify a join condition [SqmEntityJoin(unlp.info.bd2.model.Route(r))] (specify a join condition with 'on' or use 'cross join')
	at org.springframework.orm.jpa.EntityManagerFactoryUtils.convertJpaAccessExceptionIfPossible(EntityManagerFactoryUtils.java:371)
	at org.springframework.orm.jpa.vendor.HibernateJpaDialect.translateExceptionIfPossible(HibernateJpaDialect.java:246)
	at org.springframework.orm.jpa.AbstractEntityManagerFactoryBean.translateExceptionIfPossible(AbstractEntityManagerFactoryBean.java:550)
	at org.springframework.dao.support.ChainedPersistenceExceptionTranslator.translateExceptionIfPossible(ChainedPersistenceExceptionTranslator.java:61)
	at org.springframework.dao.support.DataAccessUtils.translateIfNecessary(DataAccessUtils.java:243)
	at org.springframework.dao.support.PersistenceExceptionTranslationInterceptor.invoke(PersistenceExceptionTranslationInterceptor.java:152)
	at org.springframework.aop.framework.ReflectiveMethodInvocation.proceed(ReflectiveMethodInvocation.java:184)
	at org.springframework.data.jpa.repository.support.CrudMethodMetadataPostProcessor$CrudMethodMetadataPopulatingMethodInterceptor.invoke(CrudMethodMetadataPostProcessor.java:135)
	at org.springframework.aop.framework.ReflectiveMethodInvocation.proceed(ReflectiveMethodInvocation.java:184)
	at org.springframework.aop.interceptor.ExposeInvocationInterceptor.invoke(ExposeInvocationInterceptor.java:97)
	at org.springframework.aop.framework.ReflectiveMethodInvocation.proceed(ReflectiveMethodInvocation.java:184)
	at org.springframework.aop.framework.JdkDynamicAopProxy.invoke(JdkDynamicAopProxy.java:220)
	at jdk.proxy2/jdk.proxy2.$Proxy98.findTourGuideUsersByRatingEqualsOne(Unknown Source)
	at unlp.info.bd2.services.Impl.ToursServiceImpl.getTourGuidesWithRating1(ToursServiceImpl.java:288)
	at java.base/jdk.internal.reflect.DirectMethodHandleAccessor.invoke(DirectMethodHandleAccessor.java:104)
	at java.base/java.lang.reflect.Method.invoke(Method.java:565)
	at org.springframework.aop.support.AopUtils.invokeJoinpointUsingReflection(AopUtils.java:351)
	at org.springframework.aop.framework.ReflectiveMethodInvocation.invokeJoinpoint(ReflectiveMethodInvocation.java:196)
	at org.springframework.aop.framework.ReflectiveMethodInvocation.proceed(ReflectiveMethodInvocation.java:163)
	at org.springframework.transaction.interceptor.TransactionInterceptor$1.proceedWithInvocation(TransactionInterceptor.java:123)
	at org.springframework.transaction.interceptor.TransactionAspectSupport.invokeWithinTransaction(TransactionAspectSupport.java:391)
	at org.springframework.transaction.interceptor.TransactionInterceptor.invoke(TransactionInterceptor.java:119)
	at org.springframework.aop.framework.ReflectiveMethodInvocation.proceed(ReflectiveMethodInvocation.java:184)
	at org.springframework.aop.framework.JdkDynamicAopProxy.invoke(JdkDynamicAopProxy.java:220)
	at jdk.proxy2/jdk.proxy2.$Proxy102.getTourGuidesWithRating1(Unknown Source)
	at unlp.info.bd2.ToursQuerysTests.getTourGuidesWithRating1Test(ToursQuerysTests.java:226)
	at java.base/java.lang.reflect.Method.invoke(Method.java:565)
	at java.base/java.util.ArrayList.forEach(ArrayList.java:1604)
	at java.base/java.util.ArrayList.forEach(ArrayList.java:1604)
Caused by: java.lang.IllegalArgumentException: org.hibernate.query.SemanticException: Entity join did not specify a join condition [SqmEntityJoin(unlp.info.bd2.model.Route(r))] (specify a join condition with 'on' or use 'cross join')
	at org.hibernate.internal.ExceptionConverterImpl.convert(ExceptionConverterImpl.java:143)
	at org.hibernate.query.spi.AbstractSelectionQuery.list(AbstractSelectionQuery.java:438)
	at org.hibernate.query.Query.getResultList(Query.java:120)
	at org.springframework.data.jpa.repository.query.JpaQueryExecution$CollectionExecution.doExecute(JpaQueryExecution.java:129)
	at org.springframework.data.jpa.repository.query.JpaQueryExecution.execute(JpaQueryExecution.java:92)
	at org.springframework.data.jpa.repository.query.AbstractJpaQuery.doExecute(AbstractJpaQuery.java:149)
	at org.springframework.data.jpa.repository.query.AbstractJpaQuery.execute(AbstractJpaQuery.java:137)
	at org.springframework.data.repository.core.support.RepositoryMethodInvoker.doInvoke(RepositoryMethodInvoker.java:170)
	at org.springframework.data.repository.core.support.RepositoryMethodInvoker.invoke(RepositoryMethodInvoker.java:158)
	at org.springframework.data.repository.core.support.QueryExecutorMethodInterceptor.doInvoke(QueryExecutorMethodInterceptor.java:164)
	at org.springframework.data.repository.core.support.QueryExecutorMethodInterceptor.invoke(QueryExecutorMethodInterceptor.java:143)
	at org.springframework.aop.framework.ReflectiveMethodInvocation.proceed(ReflectiveMethodInvocation.java:184)
	at org.springframework.transaction.interceptor.TransactionInterceptor$1.proceedWithInvocation(TransactionInterceptor.java:123)
	at org.springframework.transaction.interceptor.TransactionAspectSupport.invokeWithinTransaction(TransactionAspectSupport.java:391)
	at org.springframework.transaction.interceptor.TransactionInterceptor.invoke(TransactionInterceptor.java:119)
	at org.springframework.aop.framework.ReflectiveMethodInvocation.proceed(ReflectiveMethodInvocation.java:184)
	at org.springframework.dao.support.PersistenceExceptionTranslationInterceptor.invoke(PersistenceExceptionTranslationInterceptor.java:137)
	... 23 more
Caused by: org.hibernate.query.SemanticException: Entity join did not specify a join condition [SqmEntityJoin(unlp.info.bd2.model.Route(r))] (specify a join condition with 'on' or use 'cross join')
	at org.hibernate.query.sqm.sql.BaseSqmToSqlAstConverter.consumeEntityJoin(BaseSqmToSqlAstConverter.java:3490)
	at org.hibernate.query.sqm.sql.BaseSqmToSqlAstConverter.consumeExplicitJoin(BaseSqmToSqlAstConverter.java:3240)
	at org.hibernate.query.sqm.sql.BaseSqmToSqlAstConverter.consumeJoins(BaseSqmToSqlAstConverter.java:2888)
	at org.hibernate.query.sqm.sql.BaseSqmToSqlAstConverter.consumeFromClauseRoot(BaseSqmToSqlAstConverter.java:2822)
	at java.base/java.util.ArrayList.forEach(ArrayList.java:1604)
	at org.hibernate.query.sqm.tree.from.SqmFromClause.visitRoots(SqmFromClause.java:80)
	at org.hibernate.query.sqm.sql.BaseSqmToSqlAstConverter.visitFromClause(BaseSqmToSqlAstConverter.java:2573)
	at org.hibernate.query.sqm.sql.BaseSqmToSqlAstConverter.visitQuerySpec(BaseSqmToSqlAstConverter.java:2055)
	at org.hibernate.query.sqm.sql.BaseSqmToSqlAstConverter.visitQuerySpec(BaseSqmToSqlAstConverter.java:440)
	at org.hibernate.query.sqm.tree.select.SqmQuerySpec.accept(SqmQuerySpec.java:127)
	at org.hibernate.query.sqm.spi.BaseSemanticQueryWalker.visitQueryPart(BaseSemanticQueryWalker.java:218)
	at org.hibernate.query.sqm.sql.BaseSqmToSqlAstConverter.visitQueryPart(BaseSqmToSqlAstConverter.java:1915)
	at org.hibernate.query.sqm.sql.BaseSqmToSqlAstConverter.visitSelectStatement(BaseSqmToSqlAstConverter.java:1600)
	at org.hibernate.query.sqm.sql.BaseSqmToSqlAstConverter.visitSelectStatement(BaseSqmToSqlAstConverter.java:440)
	at org.hibernate.query.sqm.tree.select.SqmSelectStatement.accept(SqmSelectStatement.java:228)
	at org.hibernate.query.sqm.sql.BaseSqmToSqlAstConverter.translate(BaseSqmToSqlAstConverter.java:776)
	at org.hibernate.query.sqm.internal.ConcreteSqmSelectQueryPlan.buildCacheableSqmInterpretation(ConcreteSqmSelectQueryPlan.java:402)
	at org.hibernate.query.sqm.internal.ConcreteSqmSelectQueryPlan.withCacheableSqmInterpretation(ConcreteSqmSelectQueryPlan.java:327)
	at org.hibernate.query.sqm.internal.ConcreteSqmSelectQueryPlan.performList(ConcreteSqmSelectQueryPlan.java:303)
	at org.hibernate.query.sqm.internal.QuerySqmImpl.doList(QuerySqmImpl.java:509)
	at org.hibernate.query.spi.AbstractSelectionQuery.list(AbstractSelectionQuery.java:427)
	... 38 more
]]></error>
  </testcase>
  <testcase name="getMaxServicesOfSupplierTest" classname="unlp.info.bd2.ToursQuerysTests" time="0.004">
    <failure message="expected: &lt;4&gt; but was: &lt;0&gt;" type="org.opentest4j.AssertionFailedError"><![CDATA[org.opentest4j.AssertionFailedError: expected: <4> but was: <0>
	at org.junit.jupiter.api.AssertionFailureBuilder.build(AssertionFailureBuilder.java:151)
	at org.junit.jupiter.api.AssertionFailureBuilder.buildAndThrow(AssertionFailureBuilder.java:132)
	at org.junit.jupiter.api.AssertEquals.failNotEqual(AssertEquals.java:197)
	at org.junit.jupiter.api.AssertEquals.assertEquals(AssertEquals.java:182)
	at org.junit.jupiter.api.AssertEquals.assertEquals(AssertEquals.java:177)
	at org.junit.jupiter.api.Assertions.assertEquals(Assertions.java:639)
	at unlp.info.bd2.ToursQuerysTests.getMaxServicesOfSupplierTest(ToursQuerysTests.java:178)
	at java.base/java.lang.reflect.Method.invoke(Method.java:565)
	at java.base/java.util.ArrayList.forEach(ArrayList.java:1604)
	at java.base/java.util.ArrayList.forEach(ArrayList.java:1604)
]]></failure>
  </testcase>
  <testcase name="getTop3RoutesWithMaxRatingTest" classname="unlp.info.bd2.ToursQuerysTests" time="0.009">
    <failure message="expected: &lt;3&gt; but was: &lt;0&gt;" type="org.opentest4j.AssertionFailedError"><![CDATA[org.opentest4j.AssertionFailedError: expected: <3> but was: <0>
	at org.junit.jupiter.api.AssertionFailureBuilder.build(AssertionFailureBuilder.java:151)
	at org.junit.jupiter.api.AssertionFailureBuilder.buildAndThrow(AssertionFailureBuilder.java:132)
	at org.junit.jupiter.api.AssertEquals.failNotEqual(AssertEquals.java:197)
	at org.junit.jupiter.api.AssertEquals.assertEquals(AssertEquals.java:150)
	at org.junit.jupiter.api.AssertEquals.assertEquals(AssertEquals.java:145)
	at org.junit.jupiter.api.Assertions.assertEquals(Assertions.java:531)
	at unlp.info.bd2.ToursQuerysTests.getTop3RoutesWithMaxRatingTest(ToursQuerysTests.java:191)
	at java.base/java.lang.reflect.Method.invoke(Method.java:565)
	at java.base/java.util.ArrayList.forEach(ArrayList.java:1604)
	at java.base/java.util.ArrayList.forEach(ArrayList.java:1604)
]]></failure>
    <system-out><![CDATA[Hibernate: 
    select
        r1_0.id,
        r1_0.maxNumberUsers,
        r1_0.name,
        r1_0.price,
        r1_0.totalKm 
    from
        routes r1_0 
    join
        purchases p1_0 
            on p1_0.route_id=r1_0.id 
    join
        reviews r3_0 
            on p1_0.id=r3_0.purchase_id 
    where
        r3_0.id is not null 
    group by
        r1_0.id 
    order by
        max(r3_0.rating) desc 
    limit
        ?, ?
]]></system-out>
  </testcase>
  <testcase name="getCountOfPurchasesBetweenDatesTest" classname="unlp.info.bd2.ToursQuerysTests" time="0.013">
    <system-out><![CDATA[Hibernate: 
    select
        count(p1_0.id) 
    from
        purchases p1_0 
    where
        p1_0.date between ? and ?
Hibernate: 
    select
        count(p1_0.id) 
    from
        purchases p1_0 
    where
        p1_0.date between ? and ?
Hibernate: 
    select
        count(p1_0.id) 
    from
        purchases p1_0 
    where
        p1_0.date between ? and ?
]]></system-out>
  </testcase>
</testsuite>