-------------------------------------------------------------------------------
Test set: unlp.info.bd2.ToursQuerysTests
-------------------------------------------------------------------------------
Tests run: 22, Failures: 12, Errors: 5, Skipped: 0, Time elapsed: 2.961 s <<< FAILURE! -- in unlp.info.bd2.ToursQuerysTests
unlp.info.bd2.ToursQuerysTests.getPurchaseWithServiceTest -- Time elapsed: 0.008 s <<< ERROR!
java.util.NoSuchElementException: No value present
	at java.base/java.util.Optional.get(Optional.java:143)
	at unlp.info.bd2.ToursQuerysTests.getPurchaseWithServiceTest(ToursQuerysTests.java:162)
	at java.base/java.lang.reflect.Method.invoke(Method.java:565)
	at java.base/java.util.ArrayList.forEach(ArrayList.java:1604)
	at java.base/java.util.ArrayList.forEach(ArrayList.java:1604)

unlp.info.bd2.ToursQuerysTests.getRoutesWithMinRatingTest -- Time elapsed: 0.015 s <<< FAILURE!
org.opentest4j.AssertionFailedError: expected: <2> but was: <0>
	at org.junit.jupiter.api.AssertionFailureBuilder.build(AssertionFailureBuilder.java:151)
	at org.junit.jupiter.api.AssertionFailureBuilder.buildAndThrow(AssertionFailureBuilder.java:132)
	at org.junit.jupiter.api.AssertEquals.failNotEqual(AssertEquals.java:197)
	at org.junit.jupiter.api.AssertEquals.assertEquals(AssertEquals.java:150)
	at org.junit.jupiter.api.AssertEquals.assertEquals(AssertEquals.java:145)
	at org.junit.jupiter.api.Assertions.assertEquals(Assertions.java:531)
	at unlp.info.bd2.ToursQuerysTests.getRoutesWithMinRatingTest(ToursQuerysTests.java:198)
	at java.base/java.lang.reflect.Method.invoke(Method.java:565)
	at java.base/java.util.ArrayList.forEach(ArrayList.java:1604)
	at java.base/java.util.ArrayList.forEach(ArrayList.java:1604)

unlp.info.bd2.ToursQuerysTests.getRoutsNotSellTest -- Time elapsed: 0.005 s <<< FAILURE!
org.opentest4j.AssertionFailedError: expected: <1> but was: <0>
	at org.junit.jupiter.api.AssertionFailureBuilder.build(AssertionFailureBuilder.java:151)
	at org.junit.jupiter.api.AssertionFailureBuilder.buildAndThrow(AssertionFailureBuilder.java:132)
	at org.junit.jupiter.api.AssertEquals.failNotEqual(AssertEquals.java:197)
	at org.junit.jupiter.api.AssertEquals.assertEquals(AssertEquals.java:150)
	at org.junit.jupiter.api.AssertEquals.assertEquals(AssertEquals.java:145)
	at org.junit.jupiter.api.Assertions.assertEquals(Assertions.java:531)
	at unlp.info.bd2.ToursQuerysTests.getRoutsNotSellTest(ToursQuerysTests.java:184)
	at java.base/java.lang.reflect.Method.invoke(Method.java:565)
	at java.base/java.util.ArrayList.forEach(ArrayList.java:1604)
	at java.base/java.util.ArrayList.forEach(ArrayList.java:1604)

unlp.info.bd2.ToursQuerysTests.getAllPurchasesOfUsernameTest -- Time elapsed: 0.003 s <<< FAILURE!
org.opentest4j.AssertionFailedError: expected: <6> but was: <0>
	at org.junit.jupiter.api.AssertionFailureBuilder.build(AssertionFailureBuilder.java:151)
	at org.junit.jupiter.api.AssertionFailureBuilder.buildAndThrow(AssertionFailureBuilder.java:132)
	at org.junit.jupiter.api.AssertEquals.failNotEqual(AssertEquals.java:197)
	at org.junit.jupiter.api.AssertEquals.assertEquals(AssertEquals.java:150)
	at org.junit.jupiter.api.AssertEquals.assertEquals(AssertEquals.java:145)
	at org.junit.jupiter.api.Assertions.assertEquals(Assertions.java:531)
	at unlp.info.bd2.ToursQuerysTests.getAllPurchasesOfUsernameTest(ToursQuerysTests.java:58)
	at java.base/java.lang.reflect.Method.invoke(Method.java:565)
	at java.base/java.util.ArrayList.forEach(ArrayList.java:1604)
	at java.base/java.util.ArrayList.forEach(ArrayList.java:1604)

unlp.info.bd2.ToursQuerysTests.getServiceNoAddedToPurchasesTest -- Time elapsed: 0.004 s <<< FAILURE!
org.opentest4j.AssertionFailedError: expected: <3> but was: <0>
	at org.junit.jupiter.api.AssertionFailureBuilder.build(AssertionFailureBuilder.java:151)
	at org.junit.jupiter.api.AssertionFailureBuilder.buildAndThrow(AssertionFailureBuilder.java:132)
	at org.junit.jupiter.api.AssertEquals.failNotEqual(AssertEquals.java:197)
	at org.junit.jupiter.api.AssertEquals.assertEquals(AssertEquals.java:150)
	at org.junit.jupiter.api.AssertEquals.assertEquals(AssertEquals.java:145)
	at org.junit.jupiter.api.Assertions.assertEquals(Assertions.java:531)
	at unlp.info.bd2.ToursQuerysTests.getServiceNoAddedToPurchasesTest(ToursQuerysTests.java:220)
	at java.base/java.lang.reflect.Method.invoke(Method.java:565)
	at java.base/java.util.ArrayList.forEach(ArrayList.java:1604)
	at java.base/java.util.ArrayList.forEach(ArrayList.java:1604)

unlp.info.bd2.ToursQuerysTests.getTop10MoreExpensivePurchasesInServicesTest -- Time elapsed: 0.003 s <<< FAILURE!
org.opentest4j.AssertionFailedError: expected: <10> but was: <0>
	at org.junit.jupiter.api.AssertionFailureBuilder.build(AssertionFailureBuilder.java:151)
	at org.junit.jupiter.api.AssertionFailureBuilder.buildAndThrow(AssertionFailureBuilder.java:132)
	at org.junit.jupiter.api.AssertEquals.failNotEqual(AssertEquals.java:197)
	at org.junit.jupiter.api.AssertEquals.assertEquals(AssertEquals.java:150)
	at org.junit.jupiter.api.AssertEquals.assertEquals(AssertEquals.java:145)
	at org.junit.jupiter.api.Assertions.assertEquals(Assertions.java:531)
	at unlp.info.bd2.ToursQuerysTests.getTop10MoreExpensivePurchasesInServicesTest(ToursQuerysTests.java:115)
	at java.base/java.lang.reflect.Method.invoke(Method.java:565)
	at java.base/java.util.ArrayList.forEach(ArrayList.java:1604)
	at java.base/java.util.ArrayList.forEach(ArrayList.java:1604)

unlp.info.bd2.ToursQuerysTests.getTopNSuppliersInPurchasesTest -- Time elapsed: 0.003 s <<< FAILURE!
org.opentest4j.AssertionFailedError: expected: <3> but was: <0>
	at org.junit.jupiter.api.AssertionFailureBuilder.build(AssertionFailureBuilder.java:151)
	at org.junit.jupiter.api.AssertionFailureBuilder.buildAndThrow(AssertionFailureBuilder.java:132)
	at org.junit.jupiter.api.AssertEquals.failNotEqual(AssertEquals.java:197)
	at org.junit.jupiter.api.AssertEquals.assertEquals(AssertEquals.java:150)
	at org.junit.jupiter.api.AssertEquals.assertEquals(AssertEquals.java:145)
	at org.junit.jupiter.api.Assertions.assertEquals(Assertions.java:531)
	at unlp.info.bd2.ToursQuerysTests.getTopNSuppliersInPurchasesTest(ToursQuerysTests.java:95)
	at java.base/java.lang.reflect.Method.invoke(Method.java:565)
	at java.base/java.util.ArrayList.forEach(ArrayList.java:1604)
	at java.base/java.util.ArrayList.forEach(ArrayList.java:1604)

unlp.info.bd2.ToursQuerysTests.getTopNSuppliersItemsSoldTest -- Time elapsed: 0.002 s <<< FAILURE!
org.opentest4j.AssertionFailedError: expected: <3> but was: <0>
	at org.junit.jupiter.api.AssertionFailureBuilder.build(AssertionFailureBuilder.java:151)
	at org.junit.jupiter.api.AssertionFailureBuilder.buildAndThrow(AssertionFailureBuilder.java:132)
	at org.junit.jupiter.api.AssertEquals.failNotEqual(AssertEquals.java:197)
	at org.junit.jupiter.api.AssertEquals.assertEquals(AssertEquals.java:150)
	at org.junit.jupiter.api.AssertEquals.assertEquals(AssertEquals.java:145)
	at org.junit.jupiter.api.Assertions.assertEquals(Assertions.java:531)
	at unlp.info.bd2.ToursQuerysTests.getTopNSuppliersItemsSoldTest(ToursQuerysTests.java:105)
	at java.base/java.lang.reflect.Method.invoke(Method.java:565)
	at java.base/java.util.ArrayList.forEach(ArrayList.java:1604)
	at java.base/java.util.ArrayList.forEach(ArrayList.java:1604)

unlp.info.bd2.ToursQuerysTests.getTop5UsersMorePurchasesTest -- Time elapsed: 0.002 s <<< FAILURE!
org.opentest4j.AssertionFailedError: expected: <5> but was: <0>
	at org.junit.jupiter.api.AssertionFailureBuilder.build(AssertionFailureBuilder.java:151)
	at org.junit.jupiter.api.AssertionFailureBuilder.buildAndThrow(AssertionFailureBuilder.java:132)
	at org.junit.jupiter.api.AssertEquals.failNotEqual(AssertEquals.java:197)
	at org.junit.jupiter.api.AssertEquals.assertEquals(AssertEquals.java:150)
	at org.junit.jupiter.api.AssertEquals.assertEquals(AssertEquals.java:145)
	at org.junit.jupiter.api.Assertions.assertEquals(Assertions.java:531)
	at unlp.info.bd2.ToursQuerysTests.getTop5UsersMorePurchasesTest(ToursQuerysTests.java:122)
	at java.base/java.lang.reflect.Method.invoke(Method.java:565)
	at java.base/java.util.ArrayList.forEach(ArrayList.java:1604)
	at java.base/java.util.ArrayList.forEach(ArrayList.java:1604)

unlp.info.bd2.ToursQuerysTests.getMostBestSellingRouteTest -- Time elapsed: 0.002 s <<< ERROR!
java.lang.NullPointerException: Cannot invoke "unlp.info.bd2.model.Route.getName()" because "mostBestSellingRoute" is null
	at unlp.info.bd2.ToursQuerysTests.getMostBestSellingRouteTest(ToursQuerysTests.java:212)
	at java.base/java.lang.reflect.Method.invoke(Method.java:565)
	at java.base/java.util.ArrayList.forEach(ArrayList.java:1604)
	at java.base/java.util.ArrayList.forEach(ArrayList.java:1604)

unlp.info.bd2.ToursQuerysTests.getUsersWithNumberOfPurchasesTest -- Time elapsed: 0.002 s <<< FAILURE!
org.opentest4j.AssertionFailedError: expected: <1> but was: <0>
	at org.junit.jupiter.api.AssertionFailureBuilder.build(AssertionFailureBuilder.java:151)
	at org.junit.jupiter.api.AssertionFailureBuilder.buildAndThrow(AssertionFailureBuilder.java:132)
	at org.junit.jupiter.api.AssertEquals.failNotEqual(AssertEquals.java:197)
	at org.junit.jupiter.api.AssertEquals.assertEquals(AssertEquals.java:150)
	at org.junit.jupiter.api.AssertEquals.assertEquals(AssertEquals.java:145)
	at org.junit.jupiter.api.Assertions.assertEquals(Assertions.java:531)
	at unlp.info.bd2.ToursQuerysTests.getUsersWithNumberOfPurchasesTest(ToursQuerysTests.java:82)
	at java.base/java.lang.reflect.Method.invoke(Method.java:565)
	at java.base/java.util.ArrayList.forEach(ArrayList.java:1604)
	at java.base/java.util.ArrayList.forEach(ArrayList.java:1604)

unlp.info.bd2.ToursQuerysTests.getUserSpendingMoreThanTest -- Time elapsed: 0.002 s <<< FAILURE!
org.opentest4j.AssertionFailedError: expected: <6> but was: <0>
	at org.junit.jupiter.api.AssertionFailureBuilder.build(AssertionFailureBuilder.java:151)
	at org.junit.jupiter.api.AssertionFailureBuilder.buildAndThrow(AssertionFailureBuilder.java:132)
	at org.junit.jupiter.api.AssertEquals.failNotEqual(AssertEquals.java:197)
	at org.junit.jupiter.api.AssertEquals.assertEquals(AssertEquals.java:150)
	at org.junit.jupiter.api.AssertEquals.assertEquals(AssertEquals.java:145)
	at org.junit.jupiter.api.Assertions.assertEquals(Assertions.java:531)
	at unlp.info.bd2.ToursQuerysTests.getUserSpendingMoreThanTest(ToursQuerysTests.java:70)
	at java.base/java.lang.reflect.Method.invoke(Method.java:565)
	at java.base/java.util.ArrayList.forEach(ArrayList.java:1604)
	at java.base/java.util.ArrayList.forEach(ArrayList.java:1604)

unlp.info.bd2.ToursQuerysTests.getDriverUserWithMoreRoutesTest -- Time elapsed: 0.005 s <<< ERROR!
java.lang.ClassCastException: class java.lang.Integer cannot be cast to class unlp.info.bd2.model.DriverUser (java.lang.Integer is in module java.base of loader 'bootstrap'; unlp.info.bd2.model.DriverUser is in unnamed module of loader 'app')
	at jdk.proxy2/jdk.proxy2.$Proxy90.findDriverUserByMaxRoutes(Unknown Source)
	at unlp.info.bd2.services.Impl.ToursServiceImpl.getDriverUserWithMoreRoutes(ToursServiceImpl.java:293)
	at java.base/jdk.internal.reflect.DirectMethodHandleAccessor.invoke(DirectMethodHandleAccessor.java:104)
	at java.base/java.lang.reflect.Method.invoke(Method.java:565)
	at org.springframework.aop.support.AopUtils.invokeJoinpointUsingReflection(AopUtils.java:351)
	at org.springframework.aop.framework.ReflectiveMethodInvocation.invokeJoinpoint(ReflectiveMethodInvocation.java:196)
	at org.springframework.aop.framework.ReflectiveMethodInvocation.proceed(ReflectiveMethodInvocation.java:163)
	at org.springframework.transaction.interceptor.TransactionInterceptor$1.proceedWithInvocation(TransactionInterceptor.java:123)
	at org.springframework.transaction.interceptor.TransactionAspectSupport.invokeWithinTransaction(TransactionAspectSupport.java:391)
	at org.springframework.transaction.interceptor.TransactionInterceptor.invoke(TransactionInterceptor.java:119)
	at org.springframework.aop.framework.ReflectiveMethodInvocation.proceed(ReflectiveMethodInvocation.java:184)
	at org.springframework.aop.framework.JdkDynamicAopProxy.invoke(JdkDynamicAopProxy.java:220)
	at jdk.proxy2/jdk.proxy2.$Proxy102.getDriverUserWithMoreRoutes(Unknown Source)
	at unlp.info.bd2.ToursQuerysTests.getDriverUserWithMoreRoutesTest(ToursQuerysTests.java:233)
	at java.base/java.lang.reflect.Method.invoke(Method.java:565)
	at java.base/java.util.ArrayList.forEach(ArrayList.java:1604)
	at java.base/java.util.ArrayList.forEach(ArrayList.java:1604)

unlp.info.bd2.ToursQuerysTests.getMostDemandedServiceTest -- Time elapsed: 0.003 s <<< ERROR!
java.lang.NullPointerException: Cannot invoke "unlp.info.bd2.model.Service.getName()" because "mostDemandedService" is null
	at unlp.info.bd2.ToursQuerysTests.getMostDemandedServiceTest(ToursQuerysTests.java:205)
	at java.base/java.lang.reflect.Method.invoke(Method.java:565)
	at java.base/java.util.ArrayList.forEach(ArrayList.java:1604)
	at java.base/java.util.ArrayList.forEach(ArrayList.java:1604)

unlp.info.bd2.ToursQuerysTests.getTourGuidesWithRating1Test -- Time elapsed: 0.008 s <<< ERROR!
org.springframework.dao.InvalidDataAccessApiUsageException: org.hibernate.query.SemanticException: Entity join did not specify a join condition [SqmEntityJoin(unlp.info.bd2.model.Route(r))] (specify a join condition with 'on' or use 'cross join')
	at org.springframework.orm.jpa.EntityManagerFactoryUtils.convertJpaAccessExceptionIfPossible(EntityManagerFactoryUtils.java:371)
	at org.springframework.orm.jpa.vendor.HibernateJpaDialect.translateExceptionIfPossible(HibernateJpaDialect.java:246)
	at org.springframework.orm.jpa.AbstractEntityManagerFactoryBean.translateExceptionIfPossible(AbstractEntityManagerFactoryBean.java:550)
	at org.springframework.dao.support.ChainedPersistenceExceptionTranslator.translateExceptionIfPossible(ChainedPersistenceExceptionTranslator.java:61)
	at org.springframework.dao.support.DataAccessUtils.translateIfNecessary(DataAccessUtils.java:243)
	at org.springframework.dao.support.PersistenceExceptionTranslationInterceptor.invoke(PersistenceExceptionTranslationInterceptor.java:152)
	at org.springframework.aop.framework.ReflectiveMethodInvocation.proceed(ReflectiveMethodInvocation.java:184)
	at org.springframework.data.jpa.repository.support.CrudMethodMetadataPostProcessor$CrudMethodMetadataPopulatingMethodInterceptor.invoke(CrudMethodMetadataPostProcessor.java:135)
	at org.springframework.aop.framework.ReflectiveMethodInvocation.proceed(ReflectiveMethodInvocation.java:184)
	at org.springframework.aop.interceptor.ExposeInvocationInterceptor.invoke(ExposeInvocationInterceptor.java:97)
	at org.springframework.aop.framework.ReflectiveMethodInvocation.proceed(ReflectiveMethodInvocation.java:184)
	at org.springframework.aop.framework.JdkDynamicAopProxy.invoke(JdkDynamicAopProxy.java:220)
	at jdk.proxy2/jdk.proxy2.$Proxy98.findTourGuideUsersByRatingEqualsOne(Unknown Source)
	at unlp.info.bd2.services.Impl.ToursServiceImpl.getTourGuidesWithRating1(ToursServiceImpl.java:288)
	at java.base/jdk.internal.reflect.DirectMethodHandleAccessor.invoke(DirectMethodHandleAccessor.java:104)
	at java.base/java.lang.reflect.Method.invoke(Method.java:565)
	at org.springframework.aop.support.AopUtils.invokeJoinpointUsingReflection(AopUtils.java:351)
	at org.springframework.aop.framework.ReflectiveMethodInvocation.invokeJoinpoint(ReflectiveMethodInvocation.java:196)
	at org.springframework.aop.framework.ReflectiveMethodInvocation.proceed(ReflectiveMethodInvocation.java:163)
	at org.springframework.transaction.interceptor.TransactionInterceptor$1.proceedWithInvocation(TransactionInterceptor.java:123)
	at org.springframework.transaction.interceptor.TransactionAspectSupport.invokeWithinTransaction(TransactionAspectSupport.java:391)
	at org.springframework.transaction.interceptor.TransactionInterceptor.invoke(TransactionInterceptor.java:119)
	at org.springframework.aop.framework.ReflectiveMethodInvocation.proceed(ReflectiveMethodInvocation.java:184)
	at org.springframework.aop.framework.JdkDynamicAopProxy.invoke(JdkDynamicAopProxy.java:220)
	at jdk.proxy2/jdk.proxy2.$Proxy102.getTourGuidesWithRating1(Unknown Source)
	at unlp.info.bd2.ToursQuerysTests.getTourGuidesWithRating1Test(ToursQuerysTests.java:226)
	at java.base/java.lang.reflect.Method.invoke(Method.java:565)
	at java.base/java.util.ArrayList.forEach(ArrayList.java:1604)
	at java.base/java.util.ArrayList.forEach(ArrayList.java:1604)
Caused by: java.lang.IllegalArgumentException: org.hibernate.query.SemanticException: Entity join did not specify a join condition [SqmEntityJoin(unlp.info.bd2.model.Route(r))] (specify a join condition with 'on' or use 'cross join')
	at org.hibernate.internal.ExceptionConverterImpl.convert(ExceptionConverterImpl.java:143)
	at org.hibernate.query.spi.AbstractSelectionQuery.list(AbstractSelectionQuery.java:438)
	at org.hibernate.query.Query.getResultList(Query.java:120)
	at org.springframework.data.jpa.repository.query.JpaQueryExecution$CollectionExecution.doExecute(JpaQueryExecution.java:129)
	at org.springframework.data.jpa.repository.query.JpaQueryExecution.execute(JpaQueryExecution.java:92)
	at org.springframework.data.jpa.repository.query.AbstractJpaQuery.doExecute(AbstractJpaQuery.java:149)
	at org.springframework.data.jpa.repository.query.AbstractJpaQuery.execute(AbstractJpaQuery.java:137)
	at org.springframework.data.repository.core.support.RepositoryMethodInvoker.doInvoke(RepositoryMethodInvoker.java:170)
	at org.springframework.data.repository.core.support.RepositoryMethodInvoker.invoke(RepositoryMethodInvoker.java:158)
	at org.springframework.data.repository.core.support.QueryExecutorMethodInterceptor.doInvoke(QueryExecutorMethodInterceptor.java:164)
	at org.springframework.data.repository.core.support.QueryExecutorMethodInterceptor.invoke(QueryExecutorMethodInterceptor.java:143)
	at org.springframework.aop.framework.ReflectiveMethodInvocation.proceed(ReflectiveMethodInvocation.java:184)
	at org.springframework.transaction.interceptor.TransactionInterceptor$1.proceedWithInvocation(TransactionInterceptor.java:123)
	at org.springframework.transaction.interceptor.TransactionAspectSupport.invokeWithinTransaction(TransactionAspectSupport.java:391)
	at org.springframework.transaction.interceptor.TransactionInterceptor.invoke(TransactionInterceptor.java:119)
	at org.springframework.aop.framework.ReflectiveMethodInvocation.proceed(ReflectiveMethodInvocation.java:184)
	at org.springframework.dao.support.PersistenceExceptionTranslationInterceptor.invoke(PersistenceExceptionTranslationInterceptor.java:137)
	... 23 more
Caused by: org.hibernate.query.SemanticException: Entity join did not specify a join condition [SqmEntityJoin(unlp.info.bd2.model.Route(r))] (specify a join condition with 'on' or use 'cross join')
	at org.hibernate.query.sqm.sql.BaseSqmToSqlAstConverter.consumeEntityJoin(BaseSqmToSqlAstConverter.java:3490)
	at org.hibernate.query.sqm.sql.BaseSqmToSqlAstConverter.consumeExplicitJoin(BaseSqmToSqlAstConverter.java:3240)
	at org.hibernate.query.sqm.sql.BaseSqmToSqlAstConverter.consumeJoins(BaseSqmToSqlAstConverter.java:2888)
	at org.hibernate.query.sqm.sql.BaseSqmToSqlAstConverter.consumeFromClauseRoot(BaseSqmToSqlAstConverter.java:2822)
	at java.base/java.util.ArrayList.forEach(ArrayList.java:1604)
	at org.hibernate.query.sqm.tree.from.SqmFromClause.visitRoots(SqmFromClause.java:80)
	at org.hibernate.query.sqm.sql.BaseSqmToSqlAstConverter.visitFromClause(BaseSqmToSqlAstConverter.java:2573)
	at org.hibernate.query.sqm.sql.BaseSqmToSqlAstConverter.visitQuerySpec(BaseSqmToSqlAstConverter.java:2055)
	at org.hibernate.query.sqm.sql.BaseSqmToSqlAstConverter.visitQuerySpec(BaseSqmToSqlAstConverter.java:440)
	at org.hibernate.query.sqm.tree.select.SqmQuerySpec.accept(SqmQuerySpec.java:127)
	at org.hibernate.query.sqm.spi.BaseSemanticQueryWalker.visitQueryPart(BaseSemanticQueryWalker.java:218)
	at org.hibernate.query.sqm.sql.BaseSqmToSqlAstConverter.visitQueryPart(BaseSqmToSqlAstConverter.java:1915)
	at org.hibernate.query.sqm.sql.BaseSqmToSqlAstConverter.visitSelectStatement(BaseSqmToSqlAstConverter.java:1600)
	at org.hibernate.query.sqm.sql.BaseSqmToSqlAstConverter.visitSelectStatement(BaseSqmToSqlAstConverter.java:440)
	at org.hibernate.query.sqm.tree.select.SqmSelectStatement.accept(SqmSelectStatement.java:228)
	at org.hibernate.query.sqm.sql.BaseSqmToSqlAstConverter.translate(BaseSqmToSqlAstConverter.java:776)
	at org.hibernate.query.sqm.internal.ConcreteSqmSelectQueryPlan.buildCacheableSqmInterpretation(ConcreteSqmSelectQueryPlan.java:402)
	at org.hibernate.query.sqm.internal.ConcreteSqmSelectQueryPlan.withCacheableSqmInterpretation(ConcreteSqmSelectQueryPlan.java:327)
	at org.hibernate.query.sqm.internal.ConcreteSqmSelectQueryPlan.performList(ConcreteSqmSelectQueryPlan.java:303)
	at org.hibernate.query.sqm.internal.QuerySqmImpl.doList(QuerySqmImpl.java:509)
	at org.hibernate.query.spi.AbstractSelectionQuery.list(AbstractSelectionQuery.java:427)
	... 38 more

unlp.info.bd2.ToursQuerysTests.getMaxServicesOfSupplierTest -- Time elapsed: 0.004 s <<< FAILURE!
org.opentest4j.AssertionFailedError: expected: <4> but was: <0>
	at org.junit.jupiter.api.AssertionFailureBuilder.build(AssertionFailureBuilder.java:151)
	at org.junit.jupiter.api.AssertionFailureBuilder.buildAndThrow(AssertionFailureBuilder.java:132)
	at org.junit.jupiter.api.AssertEquals.failNotEqual(AssertEquals.java:197)
	at org.junit.jupiter.api.AssertEquals.assertEquals(AssertEquals.java:182)
	at org.junit.jupiter.api.AssertEquals.assertEquals(AssertEquals.java:177)
	at org.junit.jupiter.api.Assertions.assertEquals(Assertions.java:639)
	at unlp.info.bd2.ToursQuerysTests.getMaxServicesOfSupplierTest(ToursQuerysTests.java:178)
	at java.base/java.lang.reflect.Method.invoke(Method.java:565)
	at java.base/java.util.ArrayList.forEach(ArrayList.java:1604)
	at java.base/java.util.ArrayList.forEach(ArrayList.java:1604)

unlp.info.bd2.ToursQuerysTests.getTop3RoutesWithMaxRatingTest -- Time elapsed: 0.009 s <<< FAILURE!
org.opentest4j.AssertionFailedError: expected: <3> but was: <0>
	at org.junit.jupiter.api.AssertionFailureBuilder.build(AssertionFailureBuilder.java:151)
	at org.junit.jupiter.api.AssertionFailureBuilder.buildAndThrow(AssertionFailureBuilder.java:132)
	at org.junit.jupiter.api.AssertEquals.failNotEqual(AssertEquals.java:197)
	at org.junit.jupiter.api.AssertEquals.assertEquals(AssertEquals.java:150)
	at org.junit.jupiter.api.AssertEquals.assertEquals(AssertEquals.java:145)
	at org.junit.jupiter.api.Assertions.assertEquals(Assertions.java:531)
	at unlp.info.bd2.ToursQuerysTests.getTop3RoutesWithMaxRatingTest(ToursQuerysTests.java:191)
	at java.base/java.lang.reflect.Method.invoke(Method.java:565)
	at java.base/java.util.ArrayList.forEach(ArrayList.java:1604)
	at java.base/java.util.ArrayList.forEach(ArrayList.java:1604)

